/home/artjom/CPAchecker-2.2-unix/scripts/cpa.sh -heap 8000m -config /home/artjom/CPAchecker-2.2-unix/config/svcomp23.properties -preprocess -timelimit 900s -stats -spec /home/artjom/CPAchecker-2.2-unix/config/properties/unreach-call.prp no_context/mod1.c


--------------------------------------------------------------------------------


Running CPAchecker with Java heap of size 8000m.
Running CPAchecker with default stack size (1024k). Specify a larger value with -stack if needed.
Language C detected and set for analysis (CPAMain.detectFrontendLanguageIfNecessary, INFO)

Using the following resource limits: CPU-time limit of 900s (ResourceLimitChecker.fromConfiguration, INFO)

CPAchecker 2.2 / svcomp23 (OpenJDK 64-Bit Server VM 11.0.19) started (CPAchecker.run, INFO)

Parsing CFA from file(s) "no_context/mod1.c" (CPAchecker.parse, INFO)

Using heuristics to select analysis (CoreComponentsFactory.createAlgorithm, INFO)

The following configuration options were specified but are not used:
 cpa.callstack.unsupportedFunctions
 termination.violation.witness
 cpa.predicate.memoryAllocationsAlwaysSucceed
 cpa.arg.compressWitness
 cpa.callstack.skipFunctionPointerRecursion
 cpa.composite.aggregateBasicBlocks
 counterexample.export.graphml
 counterexample.export.compressWitness
 cpa.arg.proofWitness 
 (CPAchecker.printConfigurationWarnings, WARNING)

Starting analysis ... (CPAchecker.runAlgorithm, INFO)

Performing heuristic ... (SelectionAlgorithm.chooseConfig, INFO)

Using the following resource limits: CPU-time limit of 900s (Analysis /home/artjom/CPAchecker-2.2-unix/config/components/svcomp23--singleLoopConfig.properties:ResourceLimitChecker.fromConfiguration, INFO)

Using Restarting Algorithm (Analysis /home/artjom/CPAchecker-2.2-unix/config/components/svcomp23--singleLoopConfig.properties:CoreComponentsFactory.createAlgorithm, INFO)

Loading analysis 1 from file /home/artjom/CPAchecker-2.2-unix/config/components/svcomp23--singleLoop-symbolicExecution.properties ... (Analysis /home/artjom/CPAchecker-2.2-unix/config/components/svcomp23--singleLoopConfig.properties:RestartAlgorithm.run, INFO)

Mismatch of configuration options when loading from '/home/artjom/CPAchecker-2.2-unix/config/components/svcomp23--singleLoop-symbolicExecution.properties': 'cpa.composite.aggregateBasicBlocks' has two values 'false' and 'true'. Using 'true'. (Analysis /home/artjom/CPAchecker-2.2-unix/config/components/svcomp23--singleLoopConfig.properties:NestingAlgorithm.checkConfigs, INFO)

Mismatch of configuration options when loading from '/home/artjom/CPAchecker-2.2-unix/config/components/svcomp23--singleLoop-symbolicExecution.properties': 'limits.time.cpu' has two values '900s' and '140s'. Using '140s'. (Analysis /home/artjom/CPAchecker-2.2-unix/config/components/svcomp23--singleLoopConfig.properties:NestingAlgorithm.checkConfigs, INFO)

Mismatch of configuration options when loading from '/home/artjom/CPAchecker-2.2-unix/config/components/svcomp23--singleLoop-symbolicExecution.properties': 'limits.time.cpu::required' has two values '900' and '140s'. Using '140s'. (Analysis /home/artjom/CPAchecker-2.2-unix/config/components/svcomp23--singleLoopConfig.properties:NestingAlgorithm.checkConfigs, INFO)

Using the following resource limits: CPU-time limit of 140s (Analysis /home/artjom/CPAchecker-2.2-unix/config/components/svcomp23--singleLoopConfig.properties:Analysis /home/artjom/CPAchecker-2.2-unix/config/components/svcomp23--singleLoop-symbolicExecution.properties:ResourceLimitChecker.fromConfiguration, INFO)

Starting analysis 1 ... (Analysis /home/artjom/CPAchecker-2.2-unix/config/components/svcomp23--singleLoopConfig.properties:RestartAlgorithm.run, INFO)

