IntBool

[flag, assume_abort_if_not::cond]

IntEq

[main::__CPAchecker_TMP_1, __VERIFIER_assert::cond]

IntAdd

[p, main::__CPAchecker_TMP_0, i, n]

IntOverflow

[p, main::__CPAchecker_TMP_0, i, n]

ALL

[p, main::__CPAchecker_TMP_1, flag, main::__CPAchecker_TMP_0, i, __VERIFIER_assert::cond, assume_abort_if_not::cond, n]

DEPENDENCIES

[[__VERIFIER_assert::cond, main::__CPAchecker_TMP_1] --> [0, 1],
[assume_abort_if_not::cond] --> [0],
[p] --> [0, 16, 32, 1600, 32000],
[i, main::__CPAchecker_TMP_0, n] --> [0, 1, 100, 1000],
[flag] --> [0]]

RELEVANT VARS

[p, reach_error, flag, main::__CPAchecker_TMP_1, i, __VERIFIER_assert::cond, __VERIFIER_assert, assume_abort_if_not::cond, n]

RELEVANT FIELDS

{}
