/home/artjom/CPAchecker-2.2-unix/scripts/cpa.sh -benchmark -heap 8000m -config /home/artjom/CPAchecker-2.2-unix/config/predicateAnalysis.properties -preprocess -timelimit 200s -stats -spec /home/artjom/CPAchecker-2.2-unix/config/properties/unreach-call.prp context/loop3.c


--------------------------------------------------------------------------------


Running CPAchecker with Java heap of size 8000m.
Running CPAchecker with default stack size (1024k). Specify a larger value with -stack if needed.
Language C detected and set for analysis (CPAMain.detectFrontendLanguageIfNecessary, INFO)

Using the following resource limits: CPU-time limit of 200s (ResourceLimitChecker.fromConfiguration, INFO)

CPAchecker 2.2 / predicateAnalysis (OpenJDK 64-Bit Server VM 11.0.19) started (CPAchecker.run, INFO)

Parsing CFA from file(s) "context/loop3.c" (CPAchecker.parse, INFO)

Undefined function __assert_fail found, first called in line 3 (CheckBindingVisitor.visit, WARNING)

Using predicate analysis with MathSAT5 version 5.6.8 (27814677e16f) (Jun 28 2022 17:03:19, gmp 6.1.2, gcc 6.3.0, 64-bit, reentrant) and JFactory 1.21. (PredicateCPA:PredicateCPA.<init>, INFO)

Using refinement for predicate analysis with PredicateAbstractionRefinementStrategy strategy. (PredicateCPA:PredicateCPARefiner.<init>, INFO)

Starting analysis ... (CPAchecker.runAlgorithm, INFO)

Stopping analysis ... (CPAchecker.runAlgorithm, INFO)


PredicateCPA statistics
-----------------------
Number of abstractions:            6 (12% of all post computations)
  Times abstraction was reused:    0
  Because of function entry/exit:  0 (0%)
  Because of loop head:            3 (50%)
  Because of join nodes:           0 (0%)
  Because of threshold:            0 (0%)
  Because of target state:         3 (50%)
  Times precision was empty:       5 (83%)
  Times precision was {false}:     1 (17%)
  Times result was cached:         0 (0%)
  Times cartesian abs was used:    0 (0%)
  Times boolean abs was used:      0 (0%)
  Times result was 'false':        1 (17%)
Number of strengthen sat checks:   0
Number of coverage checks:         2
  BDD entailment checks:           2
Number of SMT sat checks:          0
  trivial:                         0
  cached:                          0

Max ABE block size:                       4
Avg ABE block size:                                3.00 (sum: 18, count: 6, min: 1, max: 4)
Number of predicates discovered:          2
Number of abstraction locations:          1
Max number of predicates per location:    1
Avg number of predicates per location:    1
Total predicates per abstraction:         1
Max number of predicates per abstraction: 1
Avg number of predicates per abstraction: 1.00
Number of irrelevant predicates:          1 (100%)

Time for post operator:                                0.021s
  Time for path formula creation:                      0.021s
Time for strengthen operator:                          0.002s
Time for prec operator:                                0.010s
  Time for abstraction:                  0.008s (Max:     0.008s, Count: 6)
    Solving time:                        0.001s (Max:     0.001s)
    Model enumeration time:              0.000s
    Time for BDD construction:           0.000s (Max:     0.000s)
Time for coverage checks:                              0.000s
  Time for BDD entailment checks:                      0.000s
Total time for SMT solver (w/o itp):     0.001s

Number of path formula cache hits:   24 (44%)

Inside post operator:                  
  Inside path formula creation:        
    Time for path formula computation:     0.020s

Total number of created targets for pointer analysis: 0


Number of BDD nodes:                               202
Size of BDD node table:                            419443
Size of BDD cache:                                 41947
Size of BDD node cleanup queue:                    0.00 (sum: 0, count: 16, min: 0, max: 0)
Time for BDD node cleanup:                             0.000s
Time for BDD garbage collection:                       0.000s (in 0 runs)

KeyValue statistics
-------------------
Init. function predicates:                         0
Init. global predicates:                           0
Init. location predicates:                         0

Invariant Generation statistics
-------------------------------

AutomatonAnalysis (SVCOMP) statistics
-------------------------------------
Number of states:                                  1
Total time for successor computation:                  0.007s
Automaton transfers with branching:                0
Automaton transfer successors:                     1.00 (sum: 51, count: 51, min: 1, max: 1) [1 x 51]
Number of states with assumption transitions:      0

CPA algorithm statistics
------------------------
Number of iterations:            31
Max size of waitlist:            4
Average size of waitlist:        2
ReversePostorderSortedWaitlist:                    0.06 (sum: 1, count: 18, min: 0, max: 1)
CallstackSortedWaitlist:                           8.33 (sum: 25, count: 3, min: 4, max: 13)
Number of computed successors:   35
Max successors for one state:    2
Number of times merged:          0
Number of times stopped:         1
Number of times breaked:         2

Total time for CPA algorithm:         0.056s (Max:     0.033s)
  Time for choose from waitlist:      0.001s
  Time for precision adjustment:      0.013s
  Time for transfer relation:         0.041s
  Time for merge operator:            0.001s
  Time for stop operator:             0.000s
  Time for adding to reached set:     0.000s

Static Predicate Refiner statistics
-----------------------------------
Number of predicates found statically:                    1 (count: 1, min: 1, max: 1, avg: 1.00)

Total time for static refinement:                      0.016s
  Time for path feasibility check:                     0.004s
  Time for predicate extraction from CFA:              0.008s
  Time for ARG update:                                 0.001s

PredicateCPARefiner statistics
------------------------------
Number of predicate refinements:                   1
Avg. length of target path (in blocks):            2.00 (sum: 2, count: 1, min: 2, max: 2)
Number of infeasible sliced prefixes:                     0 (count: 0, min: 0, max: 0, avg: 0.00)

Time for refinement:                                   0.011s
  Path-formulas extraction:                            0.000s
  Counterexample analysis:                             0.011s (Max:     0.007s, Calls: 2)
    Refinement sat check:                              0.003s
    Interpolant computation:                           0.002s

Predicate-Abstraction Refiner statistics
----------------------------------------
  Predicate creation:                                  0.000s
  Precision update:                                    0.002s
  ARG update:                                          0.000s

Length of refined path (in blocks):                2.00 (sum: 2, count: 1, min: 2, max: 2)
Number of affected states:                                0 (count: 1, min: 0, max: 0, avg: 0.00)
Length (states) of path with itp 'true':                  1 (count: 1, min: 1, max: 1, avg: 1.00)
Length (states) of path with itp non-trivial itp:         0 (count: 1, min: 0, max: 0, avg: 0.00)
Length (states) of path with itp 'false':                 0 (count: 1, min: 0, max: 0, avg: 0.00)
Different non-trivial interpolants along paths:           0 (count: 1, min: 0, max: 0, avg: 0.00)
Equal non-trivial interpolants along paths:               0 (count: 1, min: 0, max: 0, avg: 0.00)
Number of refs with location-based cutoff:                0

CEGAR algorithm statistics
--------------------------
Number of CEGAR refinements:          2
Number of successful refinements:     2
Number of failed refinements:         0
Max. size of reached set before ref.: 14
Max. size of reached set after ref.:  13
Avg. size of reached set before ref.: 14.00
Avg. size of reached set after ref.:  7.00

Total time for CEGAR algorithm:       0.088s
Time for refinements:                 0.032s
Average time for refinement:          0.016s
Max time for refinement:              0.021s

CPAchecker general statistics
-----------------------------
Number of program locations:                       35
Number of CFA edges (per node):                          34 (count: 35, min: 0, max: 2, avg: 0.97)
Number of relevant variables:                      4
Number of functions:                               4
Number of loops (and loop nodes):                         1 (sum: 3, min: 3, max: 3, avg: 3.00)
Size of reached set:             20
  Number of reached locations:   20 (57%)
    Avg states per location:     1
    Max states per location:     1 (at node N4)
  Number of reached functions:   3 (75%)
  Number of partitions:          20
    Avg size of partitions:      1
    Max size of partitions:      1
  Number of target states:       0

Time for analysis setup:          1.025s
  Time for loading CPAs:          0.305s
  Time for loading parser:        0.149s
  Time for CFA construction:      0.475s
    Time for parsing file(s):     0.247s
    Time for AST to CFA:          0.097s
    Time for CFA sanity check:    0.001s
    Time for post-processing:     0.066s
      Time for function pointers resolving:            0.004s
        Function calls via function pointers:             0 (count: 1, min: 0, max: 0, avg: 0.00)
        Instrumented function pointer calls:              0 (count: 1, min: 0, max: 0, avg: 0.00)
        Function calls with function pointer arguments:        0 (count: 1, min: 0, max: 0, avg: 0.00)
        Instrumented function pointer arguments:          0 (count: 1, min: 0, max: 0, avg: 0.00)
      Time for classifying variables:                  0.032s
        Time for collecting variables:                 0.013s
        Time for solving dependencies:                 0.001s
        Time for building hierarchy:                   0.000s
        Time for building classification:              0.018s
        Time for exporting data:                       0.000s
Time for Analysis:                0.088s
CPU time for analysis:            0.260s
Time for analyzing result:        0.000s
Total time for CPAchecker:        1.114s
Total CPU time for CPAchecker:    3.130s
Time for statistics:              0.137s

Time for Garbage Collector:       0.037s (in 3 runs)
Garbage Collector(s) used:    G1 Old Generation, G1 Young Generation

Verification result: TRUE. No property violation found by chosen configuration.
More details about the verification run can be found in the directory "./output".
