/home/artjom/CPAchecker-2.2-unix/scripts/cpa.sh -benchmark -heap 8000m -config /home/artjom/CPAchecker-2.2-unix/config/predicateAnalysis.properties -preprocess -timelimit 200s -stats -spec /home/artjom/CPAchecker-2.2-unix/config/properties/unreach-call.prp context/overflow5.c


--------------------------------------------------------------------------------


Running CPAchecker with Java heap of size 8000m.
Running CPAchecker with default stack size (1024k). Specify a larger value with -stack if needed.
Language C detected and set for analysis (CPAMain.detectFrontendLanguageIfNecessary, INFO)

Using the following resource limits: CPU-time limit of 200s (ResourceLimitChecker.fromConfiguration, INFO)

CPAchecker 2.2 / predicateAnalysis (OpenJDK 64-Bit Server VM 11.0.19) started (CPAchecker.run, INFO)

Parsing CFA from file(s) "context/overflow5.c" (CPAchecker.parse, INFO)

Using predicate analysis with MathSAT5 version 5.6.8 (27814677e16f) (Jun 28 2022 17:03:19, gmp 6.1.2, gcc 6.3.0, 64-bit, reentrant) and JFactory 1.21. (PredicateCPA:PredicateCPA.<init>, INFO)

Using refinement for predicate analysis with PredicateAbstractionRefinementStrategy strategy. (PredicateCPA:PredicateCPARefiner.<init>, INFO)

Starting analysis ... (CPAchecker.runAlgorithm, INFO)

Stopping analysis ... (CPAchecker.runAlgorithm, INFO)


PredicateCPA statistics
-----------------------
Number of abstractions:            7 (8% of all post computations)
  Times abstraction was reused:    0
  Because of function entry/exit:  0 (0%)
  Because of loop head:            4 (57%)
  Because of join nodes:           0 (0%)
  Because of threshold:            0 (0%)
  Because of target state:         3 (43%)
  Times precision was empty:       6 (86%)
  Times precision was {false}:     1 (14%)
  Times result was cached:         0 (0%)
  Times cartesian abs was used:    0 (0%)
  Times boolean abs was used:      0 (0%)
  Times result was 'false':        1 (14%)
Number of strengthen sat checks:   0
Number of coverage checks:         8
  BDD entailment checks:           4
Number of SMT sat checks:          0
  trivial:                         0
  cached:                          0

Max ABE block size:                       6
Avg ABE block size:                                5.71 (sum: 40, count: 7, min: 5, max: 6)
Number of predicates discovered:          2
Number of abstraction locations:          1
Max number of predicates per location:    1
Avg number of predicates per location:    1
Total predicates per abstraction:         1
Max number of predicates per abstraction: 1
Avg number of predicates per abstraction: 1.00
Number of irrelevant predicates:          1 (100%)

Time for post operator:                                0.037s
  Time for path formula creation:                      0.035s
Time for strengthen operator:                          0.001s
Time for prec operator:                                0.005s
  Time for abstraction:                  0.003s (Max:     0.002s, Count: 7)
    Solving time:                        0.000s (Max:     0.000s)
    Model enumeration time:              0.000s
    Time for BDD construction:           0.000s (Max:     0.000s)
Time for merge operator:                               0.002s
Time for coverage checks:                              0.003s
  Time for BDD entailment checks:                      0.003s
Total time for SMT solver (w/o itp):     0.000s

Number of path formula cache hits:   47 (51%)

Inside post operator:                  
  Inside path formula creation:        
    Time for path formula computation:     0.033s

Total number of created targets for pointer analysis: 0


Number of BDD nodes:                               202
Size of BDD node table:                            419443
Size of BDD cache:                                 41947
Size of BDD node cleanup queue:                    0.00 (sum: 0, count: 19, min: 0, max: 0)
Time for BDD node cleanup:                             0.000s
Time for BDD garbage collection:                       0.000s (in 0 runs)

KeyValue statistics
-------------------
Init. function predicates:                         0
Init. global predicates:                           0
Init. location predicates:                         0

Invariant Generation statistics
-------------------------------

AutomatonAnalysis (SVCOMP) statistics
-------------------------------------
Number of states:                                  1
Total time for successor computation:                  0.007s
Automaton transfers with branching:                0
Automaton transfer successors:                     1.00 (sum: 88, count: 88, min: 1, max: 1) [1 x 88]
Number of states with assumption transitions:      0

CPA algorithm statistics
------------------------
Number of iterations:            50
Max size of waitlist:            3
Average size of waitlist:        1
ReversePostorderSortedWaitlist:                    0.03 (sum: 1, count: 29, min: 0, max: 1)
CallstackSortedWaitlist:                           16.00 (sum: 48, count: 3, min: 9, max: 21)
Number of computed successors:   56
Max successors for one state:    2
Number of times merged:          2
Number of times stopped:         4
Number of times breaked:         2

Total time for CPA algorithm:         0.079s (Max:     0.066s)
  Time for choose from waitlist:      0.001s
  Time for precision adjustment:      0.007s
  Time for transfer relation:         0.058s
  Time for merge operator:            0.007s
  Time for stop operator:             0.000s
  Time for adding to reached set:     0.005s

Static Predicate Refiner statistics
-----------------------------------
Number of predicates found statically:                    1 (count: 1, min: 1, max: 1, avg: 1.00)

Total time for static refinement:                      0.016s
  Time for path feasibility check:                     0.004s
  Time for predicate extraction from CFA:              0.007s
  Time for ARG update:                                 0.002s

PredicateCPARefiner statistics
------------------------------
Number of predicate refinements:                   1
Avg. length of target path (in blocks):            2.00 (sum: 2, count: 1, min: 2, max: 2)
Number of infeasible sliced prefixes:                     0 (count: 0, min: 0, max: 0, avg: 0.00)

Time for refinement:                                   0.011s
  Path-formulas extraction:                            0.000s
  Counterexample analysis:                             0.011s (Max:     0.007s, Calls: 2)
    Refinement sat check:                              0.004s
    Interpolant computation:                           0.003s

Predicate-Abstraction Refiner statistics
----------------------------------------
  Predicate creation:                                  0.000s
  Precision update:                                    0.002s
  ARG update:                                          0.000s

Length of refined path (in blocks):                2.00 (sum: 2, count: 1, min: 2, max: 2)
Number of affected states:                                0 (count: 1, min: 0, max: 0, avg: 0.00)
Length (states) of path with itp 'true':                  1 (count: 1, min: 1, max: 1, avg: 1.00)
Length (states) of path with itp non-trivial itp:         0 (count: 1, min: 0, max: 0, avg: 0.00)
Length (states) of path with itp 'false':                 0 (count: 1, min: 0, max: 0, avg: 0.00)
Different non-trivial interpolants along paths:           0 (count: 1, min: 0, max: 0, avg: 0.00)
Equal non-trivial interpolants along paths:               0 (count: 1, min: 0, max: 0, avg: 0.00)
Number of refs with location-based cutoff:                0

CEGAR algorithm statistics
--------------------------
Number of CEGAR refinements:          2
Number of successful refinements:     2
Number of failed refinements:         0
Max. size of reached set before ref.: 25
Max. size of reached set after ref.:  24
Avg. size of reached set before ref.: 25.00
Avg. size of reached set after ref.:  12.50

Total time for CEGAR algorithm:       0.111s
Time for refinements:                 0.032s
Average time for refinement:          0.016s
Max time for refinement:              0.021s

CPAchecker general statistics
-----------------------------
Number of program locations:                       58
Number of CFA edges (per node):                          52 (count: 58, min: 0, max: 2, avg: 0.90)
Number of relevant variables:                      8
Number of functions:                               5
Number of loops (and loop nodes):                         1 (sum: 11, min: 11, max: 11, avg: 11.00)
Size of reached set:             27
  Number of reached locations:   27 (47%)
    Avg states per location:     1
    Max states per location:     1 (at node N10)
  Number of reached functions:   3 (60%)
  Number of partitions:          27
    Avg size of partitions:      1
    Max size of partitions:      1
  Number of target states:       0

Time for analysis setup:          1.027s
  Time for loading CPAs:          0.330s
  Time for loading parser:        0.145s
  Time for CFA construction:      0.467s
    Time for parsing file(s):     0.241s
    Time for AST to CFA:          0.092s
    Time for CFA sanity check:    0.000s
    Time for post-processing:     0.068s
      Time for function pointers resolving:            0.003s
        Function calls via function pointers:             0 (count: 1, min: 0, max: 0, avg: 0.00)
        Instrumented function pointer calls:              0 (count: 1, min: 0, max: 0, avg: 0.00)
        Function calls with function pointer arguments:        0 (count: 1, min: 0, max: 0, avg: 0.00)
        Instrumented function pointer arguments:          0 (count: 1, min: 0, max: 0, avg: 0.00)
      Time for classifying variables:                  0.033s
        Time for collecting variables:                 0.014s
        Time for solving dependencies:                 0.001s
        Time for building hierarchy:                   0.000s
        Time for building classification:              0.018s
        Time for exporting data:                       0.000s
Time for Analysis:                0.111s
CPU time for analysis:            0.320s
Time for analyzing result:        0.000s
Total time for CPAchecker:        1.139s
Total CPU time for CPAchecker:    3.300s
Time for statistics:              0.133s

Time for Garbage Collector:       0.042s (in 3 runs)
Garbage Collector(s) used:    G1 Old Generation, G1 Young Generation

Verification result: TRUE. No property violation found by chosen configuration.
More details about the verification run can be found in the directory "./output".
