/home/artjom/CPAchecker-2.2-unix/scripts/cpa.sh -benchmark -heap 8000m -config /home/artjom/CPAchecker-2.2-unix/config/predicateAnalysis.properties -preprocess -timelimit 200s -stats -spec /home/artjom/CPAchecker-2.2-unix/config/properties/unreach-call.prp context/gauge1.c


--------------------------------------------------------------------------------


Running CPAchecker with Java heap of size 8000m.
Running CPAchecker with default stack size (1024k). Specify a larger value with -stack if needed.
Language C detected and set for analysis (CPAMain.detectFrontendLanguageIfNecessary, INFO)

Using the following resource limits: CPU-time limit of 200s (ResourceLimitChecker.fromConfiguration, INFO)

CPAchecker 2.2 / predicateAnalysis (OpenJDK 64-Bit Server VM 11.0.19) started (CPAchecker.run, INFO)

Parsing CFA from file(s) "context/gauge1.c" (CPAchecker.parse, INFO)

Using predicate analysis with MathSAT5 version 5.6.8 (27814677e16f) (Jun 28 2022 17:03:19, gmp 6.1.2, gcc 6.3.0, 64-bit, reentrant) and JFactory 1.21. (PredicateCPA:PredicateCPA.<init>, INFO)

Using refinement for predicate analysis with PredicateAbstractionRefinementStrategy strategy. (PredicateCPA:PredicateCPARefiner.<init>, INFO)

Starting analysis ... (CPAchecker.runAlgorithm, INFO)

Stopping analysis ... (CPAchecker.runAlgorithm, INFO)


PredicateCPA statistics
-----------------------
Number of abstractions:            6 (5% of all post computations)
  Times abstraction was reused:    0
  Because of function entry/exit:  0 (0%)
  Because of loop head:            3 (50%)
  Because of join nodes:           0 (0%)
  Because of threshold:            0 (0%)
  Because of target state:         3 (50%)
  Times precision was empty:       5 (83%)
  Times precision was {false}:     1 (17%)
  Times result was cached:         0 (0%)
  Times cartesian abs was used:    0 (0%)
  Times boolean abs was used:      0 (0%)
  Times result was 'false':        1 (17%)
Number of strengthen sat checks:   0
Number of coverage checks:         26
  BDD entailment checks:           2
Number of SMT sat checks:          0
  trivial:                         0
  cached:                          0

Max ABE block size:                       12
Avg ABE block size:                                9.83 (sum: 59, count: 6, min: 3, max: 12)
Number of predicates discovered:          2
Number of abstraction locations:          1
Max number of predicates per location:    1
Avg number of predicates per location:    1
Total predicates per abstraction:         1
Max number of predicates per abstraction: 1
Avg number of predicates per abstraction: 1.00
Number of irrelevant predicates:          1 (100%)

Time for post operator:                                0.041s
  Time for path formula creation:                      0.039s
Time for strengthen operator:                          0.003s
Time for prec operator:                                0.008s
  Time for abstraction:                  0.006s (Max:     0.006s, Count: 6)
    Solving time:                        0.000s (Max:     0.000s)
    Model enumeration time:              0.000s
    Time for BDD construction:           0.000s (Max:     0.000s)
Time for merge operator:                               0.005s
Time for coverage checks:                              0.000s
  Time for BDD entailment checks:                      0.000s
Total time for SMT solver (w/o itp):     0.000s

Number of path formula cache hits:   62 (51%)

Inside post operator:                  
  Inside path formula creation:        
    Time for path formula computation:     0.038s

Total number of created targets for pointer analysis: 0


Number of BDD nodes:                               202
Size of BDD node table:                            419443
Size of BDD cache:                                 41947
Size of BDD node cleanup queue:                    0.00 (sum: 0, count: 16, min: 0, max: 0)
Time for BDD node cleanup:                             0.000s
Time for BDD garbage collection:                       0.000s (in 0 runs)

KeyValue statistics
-------------------
Init. function predicates:                         0
Init. global predicates:                           0
Init. location predicates:                         0

Invariant Generation statistics
-------------------------------

AutomatonAnalysis (SVCOMP) statistics
-------------------------------------
Number of states:                                  1
Total time for successor computation:                  0.005s
Automaton transfers with branching:                0
Automaton transfer successors:                     0.98 (sum: 111, count: 113, min: 0, max: 1) [0 x 2, 1 x 111]
Number of states with assumption transitions:      0

CPA algorithm statistics
------------------------
Number of iterations:            70
Max size of waitlist:            4
Average size of waitlist:        2
ReversePostorderSortedWaitlist:                    0.03 (sum: 1, count: 29, min: 0, max: 1)
CallstackSortedWaitlist:                           31.67 (sum: 95, count: 3, min: 18, max: 41)
Number of computed successors:   86
Max successors for one state:    2
Number of times merged:          12
Number of times stopped:         13
Number of times breaked:         2

Total time for CPA algorithm:         0.093s (Max:     0.073s)
  Time for choose from waitlist:      0.002s
  Time for precision adjustment:      0.014s
  Time for transfer relation:         0.063s
  Time for merge operator:            0.007s
  Time for stop operator:             0.001s
  Time for adding to reached set:     0.004s

Static Predicate Refiner statistics
-----------------------------------
Number of predicates found statically:                    1 (count: 1, min: 1, max: 1, avg: 1.00)

Total time for static refinement:                      0.018s
  Time for path feasibility check:                     0.005s
  Time for predicate extraction from CFA:              0.007s
  Time for ARG update:                                 0.001s

PredicateCPARefiner statistics
------------------------------
Number of predicate refinements:                   1
Avg. length of target path (in blocks):            2.00 (sum: 2, count: 1, min: 2, max: 2)
Number of infeasible sliced prefixes:                     0 (count: 0, min: 0, max: 0, avg: 0.00)

Time for refinement:                                   0.011s
  Path-formulas extraction:                            0.000s
  Counterexample analysis:                             0.013s (Max:     0.008s, Calls: 2)
    Refinement sat check:                              0.005s
    Interpolant computation:                           0.002s

Predicate-Abstraction Refiner statistics
----------------------------------------
  Predicate creation:                                  0.000s
  Precision update:                                    0.002s
  ARG update:                                          0.000s

Length of refined path (in blocks):                2.00 (sum: 2, count: 1, min: 2, max: 2)
Number of affected states:                                0 (count: 1, min: 0, max: 0, avg: 0.00)
Length (states) of path with itp 'true':                  1 (count: 1, min: 1, max: 1, avg: 1.00)
Length (states) of path with itp non-trivial itp:         0 (count: 1, min: 0, max: 0, avg: 0.00)
Length (states) of path with itp 'false':                 0 (count: 1, min: 0, max: 0, avg: 0.00)
Different non-trivial interpolants along paths:           0 (count: 1, min: 0, max: 0, avg: 0.00)
Equal non-trivial interpolants along paths:               0 (count: 1, min: 0, max: 0, avg: 0.00)
Number of refs with location-based cutoff:                0

CEGAR algorithm statistics
--------------------------
Number of CEGAR refinements:          2
Number of successful refinements:     2
Number of failed refinements:         0
Max. size of reached set before ref.: 35
Max. size of reached set after ref.:  34
Avg. size of reached set before ref.: 35.00
Avg. size of reached set after ref.:  17.50

Total time for CEGAR algorithm:       0.128s
Time for refinements:                 0.034s
Average time for refinement:          0.017s
Max time for refinement:              0.023s

CPAchecker general statistics
-----------------------------
Number of program locations:                       61
Number of CFA edges (per node):                          61 (count: 61, min: 0, max: 2, avg: 1.00)
Number of relevant variables:                      8
Number of functions:                               4
Number of loops (and loop nodes):                         1 (sum: 4, min: 4, max: 4, avg: 4.00)
Size of reached set:             38
  Number of reached locations:   38 (62%)
    Avg states per location:     1
    Max states per location:     1 (at node N4)
  Number of reached functions:   3 (75%)
  Number of partitions:          38
    Avg size of partitions:      1
    Max size of partitions:      1
  Number of target states:       0

Time for analysis setup:          1.037s
  Time for loading CPAs:          0.337s
  Time for loading parser:        0.147s
  Time for CFA construction:      0.467s
    Time for parsing file(s):     0.237s
    Time for AST to CFA:          0.096s
    Time for CFA sanity check:    0.000s
    Time for post-processing:     0.064s
      Time for function pointers resolving:            0.004s
        Function calls via function pointers:             0 (count: 1, min: 0, max: 0, avg: 0.00)
        Instrumented function pointer calls:              0 (count: 1, min: 0, max: 0, avg: 0.00)
        Function calls with function pointer arguments:        0 (count: 1, min: 0, max: 0, avg: 0.00)
        Instrumented function pointer arguments:          0 (count: 1, min: 0, max: 0, avg: 0.00)
      Time for classifying variables:                  0.030s
        Time for collecting variables:                 0.013s
        Time for solving dependencies:                 0.000s
        Time for building hierarchy:                   0.000s
        Time for building classification:              0.017s
        Time for exporting data:                       0.000s
Time for Analysis:                0.128s
CPU time for analysis:            0.420s
Time for analyzing result:        0.001s
Total time for CPAchecker:        1.166s
Total CPU time for CPAchecker:    3.270s
Time for statistics:              0.073s

Time for Garbage Collector:       0.036s (in 3 runs)
Garbage Collector(s) used:    G1 Old Generation, G1 Young Generation

Verification result: TRUE. No property violation found by chosen configuration.
More details about the verification run can be found in the directory "./output".
