/home/artjom/CPAchecker-2.2-unix/scripts/cpa.sh -benchmark -heap 8000m -config /home/artjom/CPAchecker-2.2-unix/config/predicateAnalysis.properties -preprocess -timelimit 200s -stats -spec /home/artjom/CPAchecker-2.2-unix/config/properties/unreach-call.prp context/combo1.c


--------------------------------------------------------------------------------


Running CPAchecker with Java heap of size 8000m.
Running CPAchecker with default stack size (1024k). Specify a larger value with -stack if needed.
Language C detected and set for analysis (CPAMain.detectFrontendLanguageIfNecessary, INFO)

Using the following resource limits: CPU-time limit of 200s (ResourceLimitChecker.fromConfiguration, INFO)

CPAchecker 2.2 / predicateAnalysis (OpenJDK 64-Bit Server VM 11.0.19) started (CPAchecker.run, INFO)

Parsing CFA from file(s) "context/combo1.c" (CPAchecker.parse, INFO)

Using predicate analysis with MathSAT5 version 5.6.8 (27814677e16f) (Jun 28 2022 17:03:19, gmp 6.1.2, gcc 6.3.0, 64-bit, reentrant) and JFactory 1.21. (PredicateCPA:PredicateCPA.<init>, INFO)

Using refinement for predicate analysis with PredicateAbstractionRefinementStrategy strategy. (PredicateCPA:PredicateCPARefiner.<init>, INFO)

Starting analysis ... (CPAchecker.runAlgorithm, INFO)

Stopping analysis ... (CPAchecker.runAlgorithm, INFO)


PredicateCPA statistics
-----------------------
Number of abstractions:            14 (1% of all post computations)
  Times abstraction was reused:    0
  Because of function entry/exit:  0 (0%)
  Because of loop head:            14 (100%)
  Because of join nodes:           0 (0%)
  Because of threshold:            0 (0%)
  Because of target state:         0 (0%)
  Times precision was empty:       14 (100%)
  Times precision was {false}:     0 (0%)
  Times result was cached:         0 (0%)
  Times cartesian abs was used:    0 (0%)
  Times boolean abs was used:      0 (0%)
  Times result was 'false':        0 (0%)
Number of strengthen sat checks:   0
Number of coverage checks:         668
  BDD entailment checks:           14
Number of SMT sat checks:          0
  trivial:                         0
  cached:                          0

Max ABE block size:                       230
Avg ABE block size:                                89.57 (sum: 1254, count: 14, min: 5, max: 230)
Number of predicates discovered:          0

Time for post operator:                                0.192s
  Time for path formula creation:                      0.186s
Time for strengthen operator:                          0.009s
Time for prec operator:                                0.012s
  Time for abstraction:                  0.001s (Max:     0.001s, Count: 14)
    Solving time:                        0.000s (Max:     0.000s)
    Model enumeration time:              0.000s
    Time for BDD construction:           0.000s (Max:     0.000s)
Time for merge operator:                               0.042s
Time for coverage checks:                              0.004s
  Time for BDD entailment checks:                      0.004s
Total time for SMT solver (w/o itp):     0.000s

Number of path formula cache hits:   0 (0%)

Inside post operator:                  
  Inside path formula creation:        
    Time for path formula computation:     0.180s

Total number of created targets for pointer analysis: 0


Number of BDD nodes:                               202
Size of BDD node table:                            419443
Size of BDD cache:                                 41947
Size of BDD node cleanup queue:                    0.00 (sum: 0, count: 29, min: 0, max: 0)
Time for BDD node cleanup:                             0.000s
Time for BDD garbage collection:                       0.000s (in 0 runs)

KeyValue statistics
-------------------
Init. function predicates:                         0
Init. global predicates:                           0
Init. location predicates:                         0

Invariant Generation statistics
-------------------------------

AutomatonAnalysis (SVCOMP) statistics
-------------------------------------
Number of states:                                  1
Total time for successor computation:                  0.014s
Automaton transfers with branching:                0
Automaton transfer successors:                     1.00 (sum: 2122, count: 2122, min: 1, max: 1) [1 x 2122]
Number of states with assumption transitions:      0

CPA algorithm statistics
------------------------
Number of iterations:            1451
Max size of waitlist:            8
Average size of waitlist:        3
ReversePostorderSortedWaitlist:                    0.01 (sum: 2, count: 335, min: 0, max: 2)
CallstackSortedWaitlist:                           1116.00 (sum: 1116, count: 1, min: 1116, max: 1116)
Number of computed successors:   1784
Max successors for one state:    2
Number of times merged:          327
Number of times stopped:         334
Number of times breaked:         0

Total time for CPA algorithm:         0.443s (Max:     0.443s)
  Time for choose from waitlist:      0.007s
  Time for precision adjustment:      0.027s
  Time for transfer relation:         0.298s
  Time for merge operator:            0.076s
  Time for stop operator:             0.009s
  Time for adding to reached set:     0.005s

Static Predicate Refiner statistics
-----------------------------------

PredicateCPARefiner statistics
------------------------------
Number of predicate refinements:                   0

Predicate-Abstraction Refiner statistics
----------------------------------------
  Predicate creation:                                  0.000s
  Precision update:                                    0.000s
  ARG update:                                          0.000s

Length of refined path (in blocks):                0.00 (sum: 0, count: 0, min: 0, max: 0)
Number of affected states:                                0 (count: 0, min: 0, max: 0, avg: 0.00)
Length (states) of path with itp 'true':                  0 (count: 0, min: 0, max: 0, avg: 0.00)
Length (states) of path with itp non-trivial itp:         0 (count: 0, min: 0, max: 0, avg: 0.00)
Length (states) of path with itp 'false':                 0 (count: 0, min: 0, max: 0, avg: 0.00)
Different non-trivial interpolants along paths:           0 (count: 0, min: 0, max: 0, avg: 0.00)
Equal non-trivial interpolants along paths:               0 (count: 0, min: 0, max: 0, avg: 0.00)
Number of refs with location-based cutoff:                0

CEGAR algorithm statistics
--------------------------
Number of CEGAR refinements:          0

CPAchecker general statistics
-----------------------------
Number of program locations:                       734
Number of CFA edges (per node):                         852 (count: 734, min: 0, max: 3, avg: 1.16)
Number of relevant variables:                      65
Number of functions:                               9
Number of loops (and loop nodes):                         3 (sum: 295, min: 41, max: 196, avg: 98.33)
Size of reached set:             1451
  Number of reached locations:   516 (70%)
    Avg states per location:     2
    Max states per location:     3 (at node N7)
  Number of reached functions:   9 (100%)
  Number of partitions:          1451
    Avg size of partitions:      1
    Max size of partitions:      1
  Number of target states:       0

Time for analysis setup:          1.225s
  Time for loading CPAs:          0.383s
  Time for loading parser:        0.152s
  Time for CFA construction:      0.612s
    Time for parsing file(s):     0.258s
    Time for AST to CFA:          0.168s
    Time for CFA sanity check:    0.000s
    Time for post-processing:     0.114s
      Time for function pointers resolving:            0.004s
        Function calls via function pointers:             0 (count: 1, min: 0, max: 0, avg: 0.00)
        Instrumented function pointer calls:              0 (count: 1, min: 0, max: 0, avg: 0.00)
        Function calls with function pointer arguments:        0 (count: 1, min: 0, max: 0, avg: 0.00)
        Instrumented function pointer arguments:          0 (count: 1, min: 0, max: 0, avg: 0.00)
      Time for classifying variables:                  0.060s
        Time for collecting variables:                 0.030s
        Time for solving dependencies:                 0.000s
        Time for building hierarchy:                   0.001s
        Time for building classification:              0.029s
        Time for exporting data:                       0.000s
Time for Analysis:                0.444s
CPU time for analysis:            1.470s
Time for analyzing result:        0.002s
Total time for CPAchecker:        1.670s
Total CPU time for CPAchecker:    5.020s
Time for statistics:              0.121s

Time for Garbage Collector:       0.042s (in 3 runs)
Garbage Collector(s) used:    G1 Old Generation, G1 Young Generation

Verification result: TRUE. No property violation found by chosen configuration.
More details about the verification run can be found in the directory "./output".
