IntBool

[main::__retval__]

IntEq

[]

IntAdd

[main::i__1, main::i, __VERIFIER_assert::cond, main::pos]

IntOverflow

[main::i__1, main::i, __VERIFIER_assert::cond, main::pos]

ALL

[main::a[pos], main::a[i], main::i__1, main::i, main::__retval__, __VERIFIER_assert::cond, main::pos, main::a, main::marker]

DEPENDENCIES

[[__VERIFIER_assert::cond, main::i__1, main::pos] --> [0, 1, 543, 100000],
[main::a] --> [],
[main::a[pos], main::marker] --> [42],
[main::i] --> [0, 1, 100000],
[main::a[i]] --> [41],
[main::__retval__] --> [0]]

RELEVANT VARS

[reach_error, main::i__1, main::i, __VERIFIER_assert::cond, __VERIFIER_assert, main::pos, main::marker, main::a]

RELEVANT FIELDS

{}
