IntBool

[main::__retval__]

IntEq

[main::__CPAchecker_TMP_0, assume_abort_if_not::cond]

IntAdd

[main::j, main::i]

IntOverflow

[main::a[j], main::j, main::i]

ALL

[main::__CPAchecker_TMP_0, main::a[j], main::j, main::i, main::__retval__, __VERIFIER_assert::cond, assume_abort_if_not::cond, main::b, main::a]

DEPENDENCIES

[[__VERIFIER_assert::cond] --> [0, 200],
[assume_abort_if_not::cond, main::__CPAchecker_TMP_0] --> [0, 1],
[main::a] --> [],
[main::b] --> [],
[main::i] --> [0, 1, 2000, 10000],
[main::j] --> [0, 1],
[main::b[i]] --> [],
[main::a[j]] --> [],
[main::__retval__] --> [0]]

RELEVANT VARS

[reach_error, main::__CPAchecker_TMP_0, main::j, main::i, assume_abort_if_not, __VERIFIER_assert::cond, __VERIFIER_assert, assume_abort_if_not::cond, main::b, main::a]

RELEVANT FIELDS

{}
