IntBool

[n1, n2, main::__retval__, assume_abort_if_not::cond]

IntEq

[]

IntAdd

[]

IntOverflow

[res, main::__CPAchecker_TMP_0, main::i, bound, main::n1__1, main::n2__1, __VERIFIER_assert::cond, modFlag]

ALL

[res, n1, main::__CPAchecker_TMP_0, n2, main::i, bound, main::n1__1, main::__retval__, __VERIFIER_assert::cond, assume_abort_if_not::cond, main::n2__1, modFlag]

DEPENDENCIES

[[__VERIFIER_assert::cond, bound, main::__CPAchecker_TMP_0, main::i, main::n1__1, main::n2__1, modFlag, res] --> [0, 1, 432, 4325, 1868400],
[assume_abort_if_not::cond] --> [0],
[main::__retval__] --> [0],
[n1] --> [0],
[n2] --> [0]]

RELEVANT VARS

[reach_error, res, main::i, bound, main::n1__1, __VERIFIER_assert::cond, __VERIFIER_assert, assume_abort_if_not::cond, main::n2__1, modFlag]

RELEVANT FIELDS

{}
