IntBool

[main::__retval__, assume_abort_if_not::cond]

IntEq

[main::__CPAchecker_TMP_0, __VERIFIER_assert::cond]

IntAdd

[main::sum, main::k, main::j, main::i]

IntOverflow

[main::n, main::l, main::sum, main::k, main::j, main::i]

ALL

[main::n, main::l, main::sum, main::__CPAchecker_TMP_0, main::k, main::j, main::i, main::__retval__, __VERIFIER_assert::cond, assume_abort_if_not::cond]

DEPENDENCIES

[[__VERIFIER_assert::cond, main::__CPAchecker_TMP_0] --> [0, 1],
[assume_abort_if_not::cond] --> [0],
[main::l, main::n] --> [0, 1, 3, 100, 1000],
[main::i, main::j, main::k, main::sum] --> [0, 1, 100, 1000],
[main::__retval__] --> [0]]

RELEVANT VARS

[reach_error, main::n, main::sum, main::l, main::__CPAchecker_TMP_0, main::k, main::j, main::i, __VERIFIER_assert::cond, __VERIFIER_assert, assume_abort_if_not::cond]

RELEVANT FIELDS

{}
