IntBool

[main::__retval__]

IntEq

[main::__CPAchecker_TMP_1, main::__CPAchecker_TMP_0, __VERIFIER_assert::cond, assume_abort_if_not::cond]

IntAdd

[main::n, main::y, main::i]

IntOverflow

[main::n, main::i, main::y]

ALL

[main::n, main::__CPAchecker_TMP_1, main::__CPAchecker_TMP_0, main::y, main::i, main::__retval__, __VERIFIER_assert::cond, assume_abort_if_not::cond]

DEPENDENCIES

[[__VERIFIER_assert::cond, main::__CPAchecker_TMP_1] --> [0, 1],
[assume_abort_if_not::cond, main::__CPAchecker_TMP_0] --> [0, 1],
[main::y] --> [0, 2, 200, 2000],
[main::i, main::n] --> [0, 1, 100, 1000],
[main::__retval__] --> [0]]

RELEVANT VARS

[reach_error, main::n, main::__CPAchecker_TMP_1, main::__CPAchecker_TMP_0, main::y, main::i, assume_abort_if_not, __VERIFIER_assert::cond, __VERIFIER_assert, assume_abort_if_not::cond]

RELEVANT FIELDS

{}
