IntBool

[main::flag, N]

IntEq

[main::__CPAchecker_TMP_2, main::__CPAchecker_TMP_1, main::__CPAchecker_TMP_0, __VERIFIER_assert::cond, assume_abort_if_not::cond]

IntAdd

[main::Y, main::X, main::D, main::S, main::R]

IntOverflow

[main::Y, main::X, main::D, main::S, main::R]

ALL

[main::__CPAchecker_TMP_2, main::flag, main::__CPAchecker_TMP_1, main::__CPAchecker_TMP_0, main::Y, main::X, __VERIFIER_assert::cond, assume_abort_if_not::cond, main::D, main::S, main::R, N]

DEPENDENCIES

[[__VERIFIER_assert::cond, main::__CPAchecker_TMP_2] --> [0, 1],
[assume_abort_if_not::cond, main::__CPAchecker_TMP_0, main::__CPAchecker_TMP_1] --> [0, 1],
[main::D, main::R, main::S, main::X, main::Y] --> [-99999, 0, 16, 99999],
[main::flag] --> [],
[N] --> [0]]

RELEVANT VARS

[main::__CPAchecker_TMP_2, main::__CPAchecker_TMP_1, main::__CPAchecker_TMP_0, main::Y, main::X, __VERIFIER_assert::cond, assume_abort_if_not::cond, main::D, main::S, main::R]

RELEVANT FIELDS

{}
