IntBool

[flag]

IntEq

[main::__CPAchecker_TMP_2, main::__CPAchecker_TMP_0, __VERIFIER_assert::cond, assume_abort_if_not::cond]

IntAdd

[p, main::__CPAchecker_TMP_1, i, n]

IntOverflow

[p, main::__CPAchecker_TMP_1, i, n]

ALL

[p, main::__CPAchecker_TMP_2, flag, main::__CPAchecker_TMP_1, main::__CPAchecker_TMP_0, i, __VERIFIER_assert::cond, assume_abort_if_not::cond, n]

DEPENDENCIES

[[__VERIFIER_assert::cond, main::__CPAchecker_TMP_2] --> [0, 1],
[assume_abort_if_not::cond, main::__CPAchecker_TMP_0] --> [0, 1],
[flag] --> [0],
[i, main::__CPAchecker_TMP_1, n] --> [0, 1, 100, 1000],
[p] --> [0, 16, 32, 1600, 32000]]

RELEVANT VARS

[p, reach_error, main::__CPAchecker_TMP_2, flag, main::__CPAchecker_TMP_0, i, assume_abort_if_not, __VERIFIER_assert::cond, __VERIFIER_assert, assume_abort_if_not::cond, n]

RELEVANT FIELDS

{}
